app/build/outputs/logs/manifest-merger-debug-report.txt
-- Merging decision tree log ---
manifest
ADDED from src\main\AndroidManifest.xml:2:1-19:12
	xmlns:android
		ADDED from src\main\AndroidManifest.xml:2:11-69
	package
		ADDED from src\main\AndroidManifest.xml:3:7-40
		INJECTED from src\main\AndroidManifest.xml
		INJECTED from src\main\AndroidManifest.xml
	android:versionName
		ADDED from src\main\AndroidManifest.xml:5:7-32
	android:versionCode
		ADDED from src\main\AndroidManifest.xml:4:7-30
		INJECTED from src\main\AndroidManifest.xml
		INJECTED from src\main\AndroidManifest.xml
application
ADDED from src\main\AndroidManifest.xml:6:5-18:19
	android:label
		ADDED from src\main\AndroidManifest.xml:6:18-50
activity#com.itisdancing.Sokoban.SokobanApp
ADDED from src\main\AndroidManifest.xml:7:9-13:20
	android:label
		ADDED from src\main\AndroidManifest.xml:8:19-51
	android:name
		ADDED from src\main\AndroidManifest.xml:7:19-44
intent-filter#android.intent.action.MAIN+android.intent.category.LAUNCHER
ADDED from src\main\AndroidManifest.xml:9:13-12:29
action#android.intent.action.MAIN
ADDED from src\main\AndroidManifest.xml:10:17-69
	android:name
		ADDED from src\main\AndroidManifest.xml:10:25-66
category#android.intent.category.LAUNCHER
ADDED from src\main\AndroidManifest.xml:11:17-77
	android:name
		ADDED from src\main\AndroidManifest.xml:11:27-74
activity#com.itisdancing.Sokoban.SokobanGame
ADDED from src\main\AndroidManifest.xml:14:9-15:20
	android:label
		ADDED from src\main\AndroidManifest.xml:14:46-78
	android:name
		ADDED from src\main\AndroidManifest.xml:14:19-45
activity#com.itisdancing.Sokoban.SokobanScores
ADDED from src\main\AndroidManifest.xml:16:9-17:20
	android:label
		ADDED from src\main\AndroidManifest.xml:16:48-83
	android:name
		ADDED from src\main\AndroidManifest.xml:16:19-47